<?xml version="1.0" encoding="UTF-8"?>
<testsuite name="com.choongang.T_isContainTest" tests="5" skipped="0" failures="0" errors="0" timestamp="2024-04-19T10:09:47" hostname="igwanghuiui-MacBookPro.local" time="0.036">
  <properties/>
  <testcase name="정확한 boolean값을 리턴해야 합니다" classname="com.choongang.T_isContainTest" time="0.029"/>
  <testcase name="정확한 boolean값을 리턴해야 합니다" classname="com.choongang.T_isContainTest" time="0.001"/>
  <testcase name="정확한 boolean값을 리턴해야 합니다" classname="com.choongang.T_isContainTest" time="0.0"/>
  <testcase name="정확한 boolean값을 리턴해야 합니다" classname="com.choongang.T_isContainTest" time="0.0"/>
  <testcase name="반복문(for, while)을 사용하지 말아야 합니다" classname="com.choongang.T_isContainTest" time="0.005"/>
  <system-out><![CDATA[]]></system-out>
  <system-err><![CDATA[]]></system-err>
</testsuite>
